<?xml version="1.0" encoding="UTF-8"?>
<!-- Generated by org.testng.reporters.JUnitReportReporter -->
<testsuite hostname="LAPTOP-RA4ESJ8P" failures="0" tests="2" name="runner.TestNGRunner" time="0.164" errors="0" timestamp="2024-07-14T18:52:34 IST" skipped="0">
  <testcase classname="runner.TestNGRunner" name="runScenario" time="0.013"/>
  <system-out/>
  <testcase classname="runner.TestNGRunner" name="runScenario" time="0.151"/>
  <system-out/>
</testsuite> <!-- runner.TestNGRunner -->
